c:\k021g1231_2022_プロジェクト\al3\kamataengine\directxgame\x64\debug\vc143.pdb
c:\k021g1231_2022_プロジェクト\al3\kamataengine\directxgame\x64\debug\vc143.idb
c:\k021g1231_2022_プロジェクト\al3\kamataengine\directxgame\x64\debug\main.obj
c:\k021g1231_2022_プロジェクト\al3\kamataengine\directxgame\x64\debug\input.obj
c:\k021g1231_2022_プロジェクト\al3\kamataengine\directxgame\x64\debug\winapp.obj
c:\k021g1231_2022_プロジェクト\al3\kamataengine\directxgame\x64\debug\texturemanager.obj
c:\k021g1231_2022_プロジェクト\al3\kamataengine\directxgame\x64\debug\directxcommon.obj
c:\k021g1231_2022_プロジェクト\al3\kamataengine\directxgame\x64\debug\axisindicator.obj
c:\k021g1231_2022_プロジェクト\al3\kamataengine\directxgame\x64\debug\audio.obj
c:\k021g1231_2022_プロジェクト\al3\kamataengine\directxgame\x64\debug\worldtransform.obj
c:\k021g1231_2022_プロジェクト\al3\kamataengine\directxgame\x64\debug\viewprojection.obj
c:\k021g1231_2022_プロジェクト\al3\kamataengine\directxgame\x64\debug\model.obj
c:\k021g1231_2022_プロジェクト\al3\kamataengine\directxgame\x64\debug\mesh.obj
c:\k021g1231_2022_プロジェクト\al3\kamataengine\directxgame\x64\debug\material.obj
c:\k021g1231_2022_プロジェクト\al3\kamataengine\directxgame\x64\debug\lightgroup.obj
c:\k021g1231_2022_プロジェクト\al3\kamataengine\directxgame\x64\debug\debugcamera.obj
c:\k021g1231_2022_プロジェクト\al3\kamataengine\directxgame\x64\debug\sprite.obj
c:\k021g1231_2022_プロジェクト\al3\kamataengine\directxgame\x64\debug\debugtext.obj
c:\k021g1231_2022_プロジェクト\al3\kamataengine\directxgame\x64\debug\gamescene.obj
c:\k021g1231_2022_プロジェクト\al3\kamataengine\directxgame\x64\debug\objps.cso
c:\k021g1231_2022_プロジェクト\al3\kamataengine\directxgame\x64\debug\objvs.cso
c:\k021g1231_2022_プロジェクト\al3\kamataengine\directxgame\x64\debug\shapeps.cso
c:\k021g1231_2022_プロジェクト\al3\kamataengine\directxgame\x64\debug\shapevs.cso
c:\k021g1231_2022_プロジェクト\al3\kamataengine\directxgame\x64\debug\spriteps.cso
c:\k021g1231_2022_プロジェクト\al3\kamataengine\directxgame\x64\debug\spritevs.cso
c:\k021g1231_2022_プロジェクト\al3\kamataengine\directxgame\x64\debug\directxgame.exe
c:\k021g1231_2022_プロジェクト\al3\kamataengine\directxgame\x64\debug\directxgame.ilk
c:\k021g1231_2022_プロジェクト\al3\kamataengine\directxgame\x64\debug\directxgame.pdb
c:\k021g1231_2022_プロジェクト\al3\kamataengine\directxgame\x64\debug\directxgame.tlog\cl.command.1.tlog
c:\k021g1231_2022_プロジェクト\al3\kamataengine\directxgame\x64\debug\directxgame.tlog\cl.read.1.tlog
c:\k021g1231_2022_プロジェクト\al3\kamataengine\directxgame\x64\debug\directxgame.tlog\cl.write.1.tlog
c:\k021g1231_2022_プロジェクト\al3\kamataengine\directxgame\x64\debug\directxgame.tlog\fxc.command.1.tlog
c:\k021g1231_2022_プロジェクト\al3\kamataengine\directxgame\x64\debug\directxgame.tlog\fxc.read.1.tlog
c:\k021g1231_2022_プロジェクト\al3\kamataengine\directxgame\x64\debug\directxgame.tlog\fxc.write.1.tlog
c:\k021g1231_2022_プロジェクト\al3\kamataengine\directxgame\x64\debug\directxgame.tlog\link.command.1.tlog
c:\k021g1231_2022_プロジェクト\al3\kamataengine\directxgame\x64\debug\directxgame.tlog\link.read.1.tlog
c:\k021g1231_2022_プロジェクト\al3\kamataengine\directxgame\x64\debug\directxgame.tlog\link.write.1.tlog
